(transform N7datalog13mk_coi_filterE...no-op 0s)
(transform N7datalog25mk_interp_tail_simplifierE...4 rules 0s)
(transform N7datalog27mk_quantifier_instantiationE...no-op 0s)
(transform N7datalog8mk_scaleE...no-op 0s)
(transform N7datalog18mk_karr_invariantsE...no-op 0s)
(transform N7datalog14mk_array_blastE...no-op 0s)
(transform N7datalog16mk_elim_term_iteE...no-op 0s)
(transform N7datalog22mk_subsumption_checkerE...no-op 0s)
(transform N7datalog12mk_bit_blastE...no-op 0s)
(transform N7datalog15mk_rule_inlinerE...3 rules 0s)
(transform N7datalog13mk_coi_filterE...no-op 0s)
(transform N7datalog25mk_interp_tail_simplifierE...3 rules 0s)
(transform N7datalog22mk_subsumption_checkerE...no-op 0s)
(transform N7datalog15mk_rule_inlinerE...no-op 0s)
(transform N7datalog13mk_coi_filterE...no-op 0s)
(transform N7datalog25mk_interp_tail_simplifierE...3 rules 0s)
(transform N7datalog22mk_subsumption_checkerE...no-op 0s)
(transform N7datalog15mk_rule_inlinerE...no-op 0s)
(transform N7datalog22mk_subsumption_checkerE...no-op 0s)
(transform N7datalog15mk_rule_inlinerE...no-op 0s)
(transform N7datalog22mk_subsumption_checkerE...no-op 0s)
(transform N7datalog15mk_rule_inlinerE...no-op 0s)
(transform N7datalog22mk_subsumption_checkerE...no-op 0s)
(transform N7datalog8mk_sliceE...no-op 0s)
expand: query!0 (0, 0) FAR  w(0) 1. F 0.00
(spacer::context::check_reachability :time 0.00 :before-memory 29.63 :after-memory 29.82)
Entering level 1
expand: query!0 (1, 0) FAR  w(0) 1.
	create_child: inv2 (0, 1) FAR 352 U 0.00
expand: inv2 (0, 0) FAR  w(0) 352. F 0.00
expand: query!0 (1, 0) FAR  w(0) 1.
	create_child: inv2 (0, 1) FAR 613 U 0.00
expand: inv2 (0, 0) FAR  w(0) 613. F 0.00
expand: query!0 (1, 0) FAR  w(0) 1. F 0.00
(spacer::context::check_reachability :time 0.00 :before-memory 29.82 :after-memory 30.12)
Propagating: 0 1  ! 2 
(spacer::context::propagate :time 0.00 :before-memory 30.12 :after-memory 30.12)
Entering level 2
expand: query!0 (2, 0) FAR  w(0) 1.
	create_child: inv2 (1, 2) FAR 613 U 0.00
expand: inv2 (1, 0) FAR  w(0) 613.
	create_child: inv2 (0, 2) FAR 1 UNDEF 0.00
expand: inv2 (0, 0) FAR  w(0) 1. T 0.00
is-reachable: inv2 (1, 0) FAR 613 F 0.00
expand: inv2 (1, 0) FAR  w(1) 613.
	create_child: inv2 (0, 2) FAR 1156 U 0.00
expand: inv2 (0, 0) FAR  w(0) 1156. UNDEF 0.00
expand: inv2 (0, 0) FAR  w(1) 1156. F 0.00
expand: inv2 (1, 0) FAR  w(1) 613.
	create_child: inv2 (0, 2) FAR 1668 U 0.00
expand: inv2 (0, 0) FAR  w(0) 1668. F 0.00
expand: inv2 (1, 0) FAR  w(1) 613.
	create_child: inv2 (0, 2) FAR 1380 U 0.00
expand: inv2 (0, 0) FAR  w(0) 1380. UNDEF 0.00
expand: inv2 (0, 0) FAR  w(1) 1380. F 0.00
expand: inv2 (1, 0) FAR  w(1) 613. F 0.00
expand: query!0 (2, 0) FAR  w(0) 1.
	create_child: inv2 (1, 2) FAR 352 U 0.00
expand: inv2 (1, 0) FAR  w(0) 352.
	create_child: inv2 (0, 2) FAR 1840 UNDEF 0.00
expand: inv2 (0, 0) FAR  w(0) 1840. T 0.00
is-reachable: inv2 (1, 0) FAR 352 F 0.00
expand: inv2 (1, 0) FAR  w(1) 352. F 0.00
expand: query!0 (2, 0) FAR  w(0) 1. F 0.00
(spacer::context::check_reachability :time 0.03 :before-memory 30.12 :after-memory 30.71)
Propagating: 0 1 2  ! 3 
(spacer::context::propagate :time 0.02 :before-memory 30.71 :after-memory 30.71)
Entering level 3
expand: query!0 (3, 0) FAR  w(0) 1.
	create_child: inv2 (2, 3) FAR 352 U 0.00
expand: inv2 (2, 0) FAR  w(0) 352.
	create_child: inv2 (1, 3) FAR 1352 UNDEF 0.00
expand: inv2 (1, 0) FAR  w(0) 1352.
	create_child: inv2 (0, 3) FAR 1840 UNDEF 0.00
expand: inv2 (0, 0) FAR  w(0) 1840. T 0.00
is-reachable: inv2 (1, 0) FAR 1352 F 0.00
expand: inv2 (1, 0) FAR  w(1) 1352.
	create_child: inv2 (0, 3) FAR 3620 U 0.00
expand: inv2 (0, 0) FAR  w(0) 3620. F 0.00
expand: inv2 (1, 0) FAR  w(1) 1352. F 0.00
expand: inv2 (2, 0) FAR  w(0) 352. UNDEF 0.00
expand: inv2 (2, 0) FAR  w(1) 352. F 0.00
expand: query!0 (3, 0) FAR  w(0) 1.
	create_child: inv2 (2, 3) FAR 613 U 0.00
expand: inv2 (2, 0) FAR  w(0) 613. F 0.00
expand: query!0 (3, 0) FAR  w(0) 1. F 0.00
(spacer::context::check_reachability :time 0.02 :before-memory 30.71 :after-memory 31.00)
Propagating: 0 1 2 3  ! 4 
(spacer::context::propagate :time 0.01 :before-memory 31.00 :after-memory 31.00)
Entering level 4
expand: query!0 (4, 0) FAR  w(0) 1.
	create_child: inv2 (3, 4) FAR 613 U 0.00
expand: inv2 (3, 0) FAR  w(0) 613.
	create_child: inv2 (2, 4) FAR 1156 U 0.00
expand: inv2 (2, 0) FAR  w(0) 1156.
	create_child: inv2 (1, 4) FAR 4470 UNDEF 0.00
expand: inv2 (1, 0) FAR  w(0) 4470. T 0.00
is-reachable: inv2 (2, 0) FAR 1156 F 0.00
expand: inv2 (2, 0) FAR  w(1) 1156.
	create_child: inv2 (1, 4) FAR 4638 U 0.00
expand: inv2 (1, 0) FAR  w(0) 4638.
	create_child: inv2 (0, 4) FAR 4415 UNDEF 0.00
expand: inv2 (0, 0) FAR  w(0) 4415. T 0.00
is-reachable: inv2 (1, 0) FAR 4638 F 0.00
expand: inv2 (1, 0) FAR  w(1) 4638.
	create_child: inv2 (0, 4) FAR 4811 U 0.00
expand: inv2 (0, 0) FAR  w(0) 4811. F 0.00
expand: inv2 (1, 0) FAR  w(1) 4638. F 0.00
expand: inv2 (2, 0) FAR  w(1) 1156. F 0.00
expand: inv2 (3, 0) FAR  w(0) 613. F 0.00
expand: query!0 (4, 0) FAR  w(0) 1.
	create_child: inv2 (3, 4) FAR 352 U 0.00
expand: inv2 (3, 0) FAR  w(0) 352.
	create_child: inv2 (2, 4) FAR 1840 UNDEF 0.00
expand: inv2 (2, 0) FAR  w(0) 1840. T 0.00
is-reachable: inv2 (3, 0) FAR 352 F 0.00
expand: inv2 (3, 0) FAR  w(1) 352. F 0.00
expand: query!0 (4, 0) FAR  w(0) 1. F 0.00
(spacer::context::check_reachability :time 0.05 :before-memory 31.00 :after-memory 31.21)
Propagating: 0 1 2 3 4  ! 5 
(spacer::context::propagate :time 0.01 :before-memory 31.21 :after-memory 31.21)
Entering level 5
expand: query!0 (5, 0) FAR  w(0) 1.
	create_child: inv2 (4, 5) FAR 352 U 0.00
expand: inv2 (4, 0) FAR  w(0) 352.
	create_child: inv2 (3, 5) FAR 1352 UNDEF 0.00
expand: inv2 (3, 0) FAR  w(0) 1352.
	create_child: inv2 (2, 5) FAR 3620 U 0.00
expand: inv2 (2, 0) FAR  w(0) 3620.
	create_child: inv2 (1, 5) FAR 5500 U 0.00
expand: inv2 (1, 0) FAR  w(0) 5500. UNDEF 0.01
expand: inv2 (1, 0) FAR  w(1) 5500.
	create_child: inv2 (0, 5) FAR 5616 U 0.00
expand: inv2 (0, 0) FAR  w(0) 5616. F 0.00
expand: inv2 (1, 0) FAR  w(1) 5500. F 0.00
expand: inv2 (2, 0) FAR  w(0) 3620. F 0.00
expand: inv2 (3, 0) FAR  w(0) 1352. F 0.00
expand: inv2 (4, 0) FAR  w(0) 352. UNDEF 0.00
expand: inv2 (4, 0) FAR  w(1) 352. F 0.01
expand: query!0 (5, 0) FAR  w(0) 1.
	create_child: inv2 (4, 5) FAR 613 U 0.00
expand: inv2 (4, 0) FAR  w(0) 613. F 0.00
expand: query!0 (5, 0) FAR  w(0) 1. F 0.00
(spacer::context::check_reachability :time 0.05 :before-memory 31.21 :after-memory 31.44)
Propagating: 0 1 2 3 4 5  ! 6 
(spacer::context::propagate :time 0.01 :before-memory 31.44 :after-memory 31.44)
Entering level 6
expand: query!0 (6, 0) FAR  w(0) 1.
	create_child: inv2 (5, 6) FAR 613 U 0.00
expand: inv2 (5, 0) FAR  w(0) 613.
	create_child: inv2 (4, 6) FAR 1156 U 0.00
expand: inv2 (4, 0) FAR  w(0) 1156.
	create_child: inv2 (3, 6) FAR 4638 U 0.00
expand: inv2 (3, 0) FAR  w(0) 4638.
	create_child: inv2 (2, 6) FAR 4811 U 0.00
expand: inv2 (2, 0) FAR  w(0) 4811.
	create_child: inv2 (1, 6) FAR 6554 U 0.00
expand: inv2 (1, 0) FAR  w(0) 6554. UNDEF 0.00
expand: inv2 (1, 0) FAR  w(1) 6554.
	create_child: inv2 (0, 6) FAR 6727 U 0.00
expand: inv2 (0, 0) FAR  w(0) 6727. UNDEF 0.00
expand: inv2 (0, 0) FAR  w(1) 6727. F 0.00
expand: inv2 (1, 0) FAR  w(1) 6554. F 0.00
expand: inv2 (2, 0) FAR  w(0) 4811. F 0.00
expand: inv2 (3, 0) FAR  w(0) 4638. F 0.00
expand: inv2 (4, 0) FAR  w(0) 1156. F 0.01
expand: inv2 (5, 0) FAR  w(0) 613. F 0.00
expand: query!0 (6, 0) FAR  w(0) 1.
	create_child: inv2 (5, 6) FAR 352 U 0.00
expand: inv2 (5, 0) FAR  w(0) 352.
	create_child: inv2 (4, 6) FAR 1352 UNDEF 0.00
expand: inv2 (4, 0) FAR  w(0) 1352. UNDEF 0.00
expand: inv2 (4, 0) FAR  w(1) 1352.
	create_child: inv2 (3, 6) FAR 3620 U 0.01
expand: inv2 (3, 0) FAR  w(0) 3620. F 0.00
expand: inv2 (4, 0) FAR  w(1) 1352


FAILED TO FIND COEFFICIENT


. F 0.00
expand: inv2 (5, 0) FAR  w(0) 352.
	create_child: inv2 (4, 6) FAR 1840 UNDEF 0.00
expand: inv2 (4, 0) FAR  w(0) 1840. T 0.00
is-reachable: inv2 (5, 0) FAR 352 F 0.00
expand: inv2 (5, 0) FAR  w(1) 352. F 0.00
expand: query!0 (6, 0) FAR  w(0) 1. F 0.00
(spacer::context::check_reachability :time 0.08 :before-memory 31.44 :after-memory 31.74)
Propagating: 0 1 2 3 4 5 6  ! 7 
(spacer::context::propagate :time 0.06 :before-memory 31.74 :after-memory 32.02)
Entering level 7
expand: query!0 (7, 0) FAR  w(0) 1.
	create_child: inv2 (6, 7) FAR 352 U 0.00
expand: inv2 (6, 0) FAR  w(0) 352.
	create_child: inv2 (5, 7) FAR 1352 UNDEF 0.00
expand: inv2 (5, 0) FAR  w(0) 1352.
	create_child: inv2 (4, 7) FAR 3620 U 0.00
expand: inv2 (4, 0) FAR  w(0) 3620.
	create_child: inv2 (3, 7) FAR 5500 U 0.00
expand: inv2 (3, 0) FAR  w(0) 5500.
	create_child: inv2 (2, 7) FAR 5616 U 0.00
expand: inv2 (2, 0) FAR  w(0) 5616.
	create_child: inv2 (1, 7) FAR 9773 U 0.00
expand: inv2 (1, 0) FAR  w(0) 9773. UNDEF 0.00
expand: inv2 (1, 0) FAR  w(1) 9773.
	create_child: inv2 (0, 7) FAR 9903 U 0.00
expand: inv2 (0, 0) FAR  w(0) 9903. UNDEF 0.00
expand: inv2 (0, 0) FAR  w(1) 9903. F 0.00
expand: inv2 (1, 0) FAR  w(1) 9773. F 0.00
expand: inv2 (2, 0) FAR  w(0) 5616. F 0.00
expand: inv2 (3, 0) FAR  w(0) 5500. F 0.00
expand: inv2 (4, 0) FAR  w(0) 3620. F 0.00
expand: inv2 (5, 0) FAR  w(0) 1352. F 0.00
expand: inv2 (6, 0) FAR  w(0) 352. UNDEF 0.01
expand: inv2 (6, 0) FAR  w(1) 352. F 0.01
expand: query!0 (7, 0) FAR  w(0) 1.
	create_child: inv2 (6, 7) FAR 613 U 0.00
expand: inv2 (6, 0) FAR  w(0) 613. F 0.00
expand: query!0 (7, 0) FAR  w(0) 1. F 0.00
(spacer::context::check_reachability :time 0.08 :before-memory 32.02 :after-memory 32.27)
Propagating: 0 1 2 3 4 5 6 7  ! 8 
(spacer::context::propagate :time 0.08 :before-memory 32.27 :after-memory 32.66)
Entering level 8
expand: query!0 (8, 0) FAR  w(0) 1.
	create_child: inv2 (7, 8) FAR 613 U 0.00
expand: inv2 (7, 0) FAR  w(0) 613.
	create_child: inv2 (6, 8) FAR 1156 U 0.00
expand: inv2 (6, 0) FAR  w(0) 1156.
	create_child: inv2 (5, 8) FAR 4638 U 0.00
expand: inv2 (5, 0) FAR  w(0) 4638.
	create_child: inv2 (4, 8) FAR 11056 UNDEF 0.00
expand: inv2 (4, 0) FAR  w(0) 11056. UNDEF 0.00
expand: inv2 (4, 0) FAR  w(1) 11056.
	create_child: inv2 (3, 8) FAR 12662 U 0.01
expand: inv2 (3, 0) FAR  w(0) 12662.
	create_child: inv2 (2, 8) FAR 12655 U 0.00
expand: inv2 (2, 0) FAR  w(0) 12655. UNDEF 0.01
expand: inv2 (2, 0) FAR  w(1) 12655.
	create_child: inv2 (1, 8) FAR 12685 U 0.01
expand: inv2 (1, 0) FAR  w(0) 12685. UNDEF 0.01
expand: inv2 (1, 0) FAR  w(1) 12685.
	create_child: inv2 (0, 8) FAR 12842 U 0.01
expand: inv2 (0, 0) FAR  w(0) 12842. F 0.01
expand: inv2 (1, 0) FAR  w(1) 12685. F 0.00
expand: inv2 (2, 0) FAR  w(1) 12655. F 0.00
expand: inv2 (3, 0) FAR  w(0) 12662. F 0.00
expand: inv2 (4, 0) FAR  w(1) 11056


FAILED TO FIND COEFFICIENT


. F 0.00
expand: inv2 (5, 0) FAR  w(0) 4638. F 0.00
expand: inv2 (6, 0) FAR  w(0) 1156. F 0.01
expand: inv2 (7, 0) FAR  w(0) 613. F 0.00
expand: query!0 (8, 0) FAR  w(0) 1.
	create_child: inv2 (7, 8) FAR 352 U 0.00
expand: inv2 (7, 0) FAR  w(0) 352.
	create_child: inv2 (6, 8) FAR 1352 UNDEF 0.00
expand: inv2 (6, 0) FAR  w(0) 1352. UNDEF 0.00
expand: inv2 (6, 0) FAR  w(1) 1352.
	create_child: inv2 (5, 8) FAR 3620 U 0.01
expand: inv2 (5, 0) FAR  w(0) 3620. F 0.00
expand: inv2 (6, 0) FAR  w(1) 1352


FAILED TO FIND COEFFICIENT


. F 0.00
expand: inv2 (7, 0) FAR  w(0) 352.
	create_child: inv2 (6, 8) FAR 1840 UNDEF 0.00
expand: inv2 (6, 0) FAR  w(0) 1840. T 0.00
is-reachable: inv2 (7, 0) FAR 352 F 0.00
expand: inv2 (7, 0) FAR  w(1) 352. F 0.00
expand: query!0 (8, 0) FAR  w(0) 1. F 0.00
(spacer::context::check_reachability :time 0.13 :before-memory 32.66 :after-memory 33.00)
Propagating: 0 1 2 3 4 5 6 7 8  ! 9 
(spacer::context::propagate :time 0.06 :before-memory 33.00 :after-memory 33.10)
Entering level 9
expand: query!0 (9, 0) FAR  w(0) 1.
	create_child: inv2 (8, 9) FAR 352 U 0.00
expand: inv2 (8, 0) FAR  w(0) 352.
	create_child: inv2 (7, 9) FAR 1352 UNDEF 0.00
expand: inv2 (7, 0) FAR  w(0) 1352.
	create_child: inv2 (6, 9) FAR 3620 U 0.00
expand: inv2 (6, 0) FAR  w(0) 3620.
	create_child: inv2 (5, 9) FAR 5500 U 0.00
expand: inv2 (5, 0) FAR  w(0) 5500.
	create_child: inv2 (4, 9) FAR 5616 U 0.00
expand: inv2 (4, 0) FAR  w(0) 5616.
	create_child: inv2 (3, 9) FAR 9773 U 0.00
expand: inv2 (3, 0) FAR  w(0) 9773. UNDEF 0.01
expand: inv2 (3, 0) FAR  w(1) 9773.
	create_child: inv2 (2, 9) FAR 9903 U 0.01
expand: inv2 (2, 0) FAR  w(0) 9903.
	create_child: inv2 (1, 9) FAR 15349 U 0.00
expand: inv2 (1, 0) FAR  w(0) 15349. UNDEF 0.01
expand: inv2 (1, 0) FAR  w(1) 15349.
	create_child: inv2 (0, 9) FAR 15392 U 0.01
expand: inv2 (0, 0) FAR  w(0) 15392. UNDEF 0.00
expand: inv2 (0, 0) FAR  w(1) 15392. F 0.01
expand: inv2 (1, 0) FAR  w(1) 15349. F 0.00
expand: inv2 (2, 0) FAR  w(0) 9903. F 0.00
expand: inv2 (3, 0) FAR  w(1) 9773


FAILED TO FIND COEFFICIENT





FAILED TO FIND COEFFICIENT


. F 0.01
expand: inv2 (4, 0) FAR  w(0) 5616


FAILED TO FIND COEFFICIENT





FAILED TO FIND COEFFICIENT


. F 0.01
expand: inv2 (5, 0) FAR  w(0) 5500


FAILED TO FIND COEFFICIENT


. F 0.01
expand: inv2 (6, 0) FAR  w(0) 3620. F 0.00
expand: inv2 (7, 0) FAR  w(0) 1352


FAILED TO FIND COEFFICIENT


. F 0.00
expand: inv2 (8, 0) FAR  w(0) 352. UNDEF 0.01
expand: inv2 (8, 0) FAR  w(1) 352. F 0.01
expand: query!0 (9, 0) FAR  w(0) 1.
	create_child: inv2 (8, 9) FAR 613 U 0.00
expand: inv2 (8, 0) FAR  w(0) 613. F 0.00
expand: query!0 (9, 0) FAR  w(0) 1. F 0.00
(spacer::context::check_reachability :time 0.12 :before-memory 33.10 :after-memory 33.25)
Propagating: 0 1 2 3 4 5 6 7 8 9  ! 10 
(spacer::context::propagate :time 0.07 :before-memory 33.25 :after-memory 33.35)
Entering level 10
expand: query!0 (10, 0) FAR  w(0) 1.
	create_child: inv2 (9, 10) FAR 613 U 0.00
expand: inv2 (9, 0) FAR  w(0) 613.
	create_child: inv2 (8, 10) FAR 1156 U 0.00
expand: inv2 (8, 0) FAR  w(0) 1156.
	create_child: inv2 (7, 10) FAR 4638 U 0.00
expand: inv2 (7, 0) FAR  w(0) 4638.
	create_child: inv2 (6, 10) FAR 4811 U 0.00
expand: inv2 (6, 0) FAR  w(0) 4811.
	create_child: inv2 (5, 10) FAR 6554 U 0.00
expand: inv2 (5, 0) FAR  w(0) 6554. UNDEF 0.01
expand: inv2 (5, 0) FAR  w(1) 6554.
	create_child: inv2 (4, 10) FAR 6727 U 0.01
expand: inv2 (4, 0) FAR  w(0) 6727.
	create_child: inv2 (3, 10) FAR 17743 U 0.00
expand: inv2 (3, 0) FAR  w(0) 17743. UNDEF 0.01
expand: inv2 (3, 0) FAR  w(1) 17743.
	create_child: inv2 (2, 10) FAR 18070 U 0.01
expand: inv2 (2, 0) FAR  w(0) 18070.
	create_child: inv2 (1, 10) FAR 17943 U 0.01
expand: inv2 (1, 0) FAR  w(0) 17943. UNDEF 0.01
expand: inv2 (1, 0) FAR  w(1) 17943.
	create_child: inv2 (0, 10) FAR 18273 U 0.01
expand: inv2 (0, 0) FAR  w(0) 18273. F 0.01
expand: inv2 (1, 0) FAR  w(1) 17943. F 0.01
expand: inv2 (2, 0) FAR  w(0) 18070. F 0.00
expand: inv2 (3, 0) FAR  w(1) 17743. F 0.00
expand: inv2 (4, 0) FAR  w(0) 6727. F 0.00
expand: inv2 (5, 0) FAR  w(1) 6554


FAILED TO FIND COEFFICIENT





FAILED TO FIND COEFFICIENT


. F 0.01
expand: inv2 (6, 0) FAR  w(0) 4811. UNDEF 0.01
expand: inv2 (6, 0) FAR  w(1) 4811


FAILED TO FIND COEFFICIENT


. F 0.01
expand: inv2 (7, 0) FAR  w(0) 4638.
	create_child: inv2 (6, 10) FAR 11056 UNDEF 0.01
expand: inv2 (6, 0) FAR  w(0) 11056.
	create_child: inv2 (5, 10) FAR 12662 U 0.00
expand: inv2 (5, 0) FAR  w(0) 12662.
	create_child: inv2 (4, 10) FAR 12655 U 0.00
expand: inv2 (4, 0) FAR  w(0) 12655. F 0.00
expand: inv2 (5, 0) FAR  w(0) 12662


FAILED TO FIND COEFFICIENT





FAILED TO FIND COEFFICIENT


. F 0.01
expand: inv2 (6, 0) FAR  w(0) 11056


FAILED TO FIND COEFFICIENT


. F 0.01
expand: inv2 (7, 0) FAR  w(0) 4638


FAILED TO FIND COEFFICIENT


. F 0.01
expand: inv2 (8, 0) FAR  w(0) 1156.
	create_child: inv2 (7, 10) FAR 18794 UNDEF 0.01
expand: inv2 (7, 0) FAR  w(0) 18794


FAILED TO FIND COEFFICIENT


. F 0.00
expand: inv2 (8, 0) FAR  w(0) 1156


FAILED TO FIND COEFFICIENT


. F 0.00
expand: inv2 (9, 0) FAR  w(0) 613. F 0.00
expand: query!0 (10, 0) FAR  w(0) 1.
	create_child: inv2 (9, 10) FAR 352 U 0.00
expand: inv2 (9, 0) FAR  w(0) 352. UNDEF 0.01
expand: inv2 (9, 0) FAR  w(1) 352. F 0.01
expand: query!0 (10, 0) FAR  w(0) 1. F 0.00
(spacer::context::check_reachability :time 0.22 :before-memory 33.35 :after-memory 34.09)
Propagating: 0 1 2 3 4 5 6 7 8 9 10  ! 11 
(spacer::context::propagate :time 0.09 :before-memory 34.09 :after-memory 34.57)
Entering level 11
expand: query!0 (11, 0) FAR  w(0) 1.
	create_child: inv2 (10, 11) FAR 352 U 0.00
expand: inv2 (10, 0) FAR  w(0) 352.
	create_child: inv2 (9, 11) FAR 1352 UNDEF 0.01
expand: inv2 (9, 0) FAR  w(0) 1352.
	create_child: inv2 (8, 11) FAR 3620 U 0.01
expand: inv2 (8, 0) FAR  w(0) 3620.
	create_child: inv2 (7, 11) FAR 5500 U 0.00
expand: inv2 (7, 0) FAR  w(0) 5500.
	create_child: inv2 (6, 11) FAR 5616 U 0.00
expand: inv2 (6, 0) FAR  w(0) 5616.
	create_child: inv2 (5, 11) FAR 9773 U 0.00
expand: inv2 (5, 0) FAR  w(0) 9773.
	create_child: inv2 (4, 11) FAR 9903 U 0.00
expand: inv2 (4, 0) FAR  w(0) 9903.
	create_child: inv2 (3, 11) FAR 15349 U 0.00
expand: inv2 (3, 0) FAR  w(0) 15349.
	create_child: inv2 (2, 11) FAR 15392 U 0.00
expand: inv2 (2, 0) FAR  w(0) 15392.
	create_child: inv2 (1, 11) FAR 21877 U 0.01
expand: inv2 (1, 0) FAR  w(0) 21877. UNDEF 0.01
expand: inv2 (1, 0) FAR  w(1) 21877.
	create_child: inv2 (0, 11) FAR 22134 U 0.01
expand: inv2 (0, 0) FAR  w(0) 22134. F 0.01
expand: inv2 (1, 0) FAR  w(1) 21877. F 0.01
expand: inv2 (2, 0) FAR  w(0) 15392. F 0.01
expand: inv2 (3, 0) FAR  w(0) 15349


FAILED TO FIND COEFFICIENT





FAILED TO FIND COEFFICIENT


. F 0.01
expand: inv2 (4, 0) FAR  w(0) 9903


FAILED TO FIND COEFFICIENT





FAILED TO FIND COEFFICIENT


. F 0.01
expand: inv2 (5, 0) FAR  w(0) 9773


FAILED TO FIND COEFFICIENT





FAILED TO FIND COEFFICIENT


. F 0.01
expand: inv2 (6, 0) FAR  w(0) 5616


FAILED TO FIND COEFFICIENT





FAILED TO FIND COEFFICIENT


. F 0.01
expand: inv2 (7, 0) FAR  w(0) 5500


FAILED TO FIND COEFFICIENT


. F 0.01
expand: inv2 (8, 0) FAR  w(0) 3620


FAILED TO FIND COEFFICIENT


. F 0.01
expand: inv2 (9, 0) FAR  w(0) 1352


FAILED TO FIND COEFFICIENT


. F 0.00
expand: inv2 (10, 0) FAR  w(0) 352. UNDEF 0.01
expand: inv2 (10, 0) FAR  w(1) 352. F 0.01
expand: query!0 (11, 0) FAR  w(0) 1.
	create_child: inv2 (10, 11) FAR 613 U 0.00
expand: inv2 (10, 0) FAR  w(0) 613. F 0.00
expand: query!0 (11, 0) FAR  w(0) 1. F 0.00
(spacer::context::check_reachability :time 0.16 :before-memory 34.57 :after-memory 34.85)
Propagating: 0 1 2 3 4 5 6 7 8 9 10 11  ! 12 
(spacer::context::propagate :time 0.20 :before-memory 34.85 :after-memory 35.28)
Entering level 12
expand: query!0 (12, 0) FAR  w(0) 1.
	create_child: inv2 (11, 12) FAR 613 U 0.00
expand: inv2 (11, 0) FAR  w(0) 613.
	create_child: inv2 (10, 12) FAR 1352 UNDEF 0.01
expand: inv2 (10, 0) FAR  w(0) 1352. UNDEF 0.01
expand: inv2 (10, 0) FAR  w(1) 1352.
	create_child: inv2 (9, 12) FAR 3620 U 0.01
expand: inv2 (9, 0) FAR  w(0) 3620.
	create_child: inv2 (8, 12) FAR 5500 U 0.01
expand: inv2 (8, 0) FAR  w(0) 5500.
	create_child: inv2 (7, 12) FAR 5616 U 0.01
expand: inv2 (7, 0) FAR  w(0) 5616.
	create_child: inv2 (6, 12) FAR 9773 U 0.01
expand: inv2 (6, 0) FAR  w(0) 9773.
	create_child: inv2 (5, 12) FAR 9903 U 0.01
expand: inv2 (5, 0) FAR  w(0) 9903. UNDEF 0.01
expand: inv2 (5, 0) FAR  w(1) 9903.
	create_child: inv2 (4, 12) FAR 15349 U 0.01
expand: inv2 (4, 0) FAR  w(0) 15349.
	create_child: inv2 (3, 12) FAR 15392 U 0.01
expand: inv2 (3, 0) FAR  w(0) 15392.
	create_child: inv2 (2, 12) FAR 21877 U 0.01
expand: inv2 (2, 0) FAR  w(0) 21877.
	create_child: inv2 (1, 12) FAR 22134 U 0.01
expand: inv2 (1, 0) FAR  w(0) 22134. UNDEF 0.01
expand: inv2 (1, 0) FAR  w(1) 22134.
	create_child: inv2 (0, 12) FAR 25879 U 0.01
expand: inv2 (0, 0) FAR  w(0) 25879. F 0.01
expand: inv2 (1, 0) FAR  w(1) 22134. F 0.01
expand: inv2 (2, 0) FAR  w(0) 21877. F 0.01
expand: inv2 (3, 0) FAR  w(0) 15392. F 0.00
expand: inv2 (4, 0) FAR  w(0) 15349. F 0.00
expand: inv2 (5, 0) FAR  w(1) 9903. F 0.00
expand: inv2 (6, 0) FAR  w(0) 9773. F 0.00
expand: inv2 (7, 0) FAR  w(0) 5616


FAILED TO FIND COEFFICIENT


. F 0.00
expand: inv2 (8, 0) FAR  w(0) 5500


FAILED TO FIND COEFFICIENT


. F 0.00
expand: inv2 (9, 0) FAR  w(0) 3620. F 0.00
expand: inv2 (10, 0) FAR  w(1) 1352


FAILED TO FIND COEFFICIENT


. F 0.00
expand: inv2 (11, 0) FAR  w(0) 613. F 0.00
expand: query!0 (12, 0) FAR  w(0) 1.
	create_child: inv2 (11, 12) FAR 352 U 0.00
expand: inv2 (11, 0) FAR  w(0) 352. UNDEF 0.01
expand: inv2 (11, 0) FAR  w(1) 352. F 0.02
expand: query!0 (12, 0) FAR  w(0) 1. F 0.00
(spacer::context::check_reachability :time 0.20 :before-memory 35.28 :after-memory 35.60)
Propagating: 0 1 2 3 4 5 6 7 8 9 10 11 12  ! 13 
(spacer::context::propagate :time 0.47 :before-memory 35.60 :after-memory 36.16)
Entering level 13
expand: query!0 (13, 0) FAR  w(0) 1.
	create_child: inv2 (12, 13) FAR 352 U 0.00
expand: inv2 (12, 0) FAR  w(0) 352.
	create_child: inv2 (11, 13) FAR 1352 UNDEF 0.01
expand: inv2 (11, 0) FAR  w(0) 1352.
	create_child: inv2 (10, 13) FAR 3620 U 0.01
expand: inv2 (10, 0) FAR  w(0) 3620.
	create_child: inv2 (9, 13) FAR 5500 U 0.01
expand: inv2 (9, 0) FAR  w(0) 5500. UNDEF 0.01
expand: inv2 (9, 0) FAR  w(1) 5500.
	create_child: inv2 (8, 13) FAR 5616 U 0.05
expand: inv2 (8, 0) FAR  w(0) 5616.
	create_child: inv2 (7, 13) FAR 9773 U 0.01
expand: inv2 (7, 0) FAR  w(0) 9773.
	create_child: inv2 (6, 13) FAR 9903 U 0.01
expand: inv2 (6, 0) FAR  w(0) 9903. UNDEF 0.01
expand: inv2 (6, 0) FAR  w(1) 9903.
	create_child: inv2 (5, 13) FAR 15349 U 0.05
expand: inv2 (5, 0) FAR  w(0) 15349. UNDEF 0.01
expand: inv2 (5, 0) FAR  w(1) 15349.
	create_child: inv2 (4, 13) FAR 15392 U 0.01
expand: inv2 (4, 0) FAR  w(0) 15392.
	create_child: inv2 (3, 13) FAR 21877 U 0.01
expand: inv2 (3, 0) FAR  w(0) 21877.
	create_child: inv2 (2, 13) FAR 22134 U 0.01
expand: inv2 (2, 0) FAR  w(0) 22134.
	create_child: inv2 (1, 13) FAR 25879 U 0.01
expand: inv2 (1, 0) FAR  w(0) 25879. UNDEF 0.01
expand: inv2 (1, 0) FAR  w(1) 25879.
	create_child: inv2 (0, 13) FAR 14381 U 0.01
expand: inv2 (0, 0) FAR  w(0) 14381. F 0.01
expand: inv2 (1, 0) FAR  w(1) 25879. F 0.01
expand: inv2 (2, 0) FAR  w(0) 22134


FAILED TO FIND COEFFICIENT


. F 0.01
expand: inv2 (3, 0) FAR  w(0) 21877


FAILED TO FIND COEFFICIENT





FAILED TO FIND COEFFICIENT





FAILED TO FIND COEFFICIENT


. F 0.01
expand: inv2 (4, 0) FAR  w(0) 15392


FAILED TO FIND COEFFICIENT





FAILED TO FIND COEFFICIENT





FAILED TO FIND COEFFICIENT


. F 0.01
expand: inv2 (5, 0) FAR  w(1) 15349


FAILED TO FIND COEFFICIENT





FAILED TO FIND COEFFICIENT





FAILED TO FIND COEFFICIENT





FAILED TO FIND COEFFICIENT


. F 0.01
expand: inv2 (6, 0) FAR  w(1) 9903


FAILED TO FIND COEFFICIENT





FAILED TO FIND COEFFICIENT





FAILED TO FIND COEFFICIENT


. F 0.01
expand: inv2 (7, 0) FAR  w(0) 9773


FAILED TO FIND COEFFICIENT





FAILED TO FIND COEFFICIENT





FAILED TO FIND COEFFICIENT


. F 0.01
expand: inv2 (8, 0) FAR  w(0) 5616


FAILED TO FIND COEFFICIENT





FAILED TO FIND COEFFICIENT





FAILED TO FIND COEFFICIENT


. F 0.01
expand: inv2 (9, 0) FAR  w(1) 5500


FAILED TO FIND COEFFICIENT


. F 0.01
expand: inv2 (10, 0) FAR  w(0) 3620


FAILED TO FIND COEFFICIENT


. F 0.01
expand: inv2 (11, 0) FAR  w(0) 1352


FAILED TO FIND COEFFICIENT


. F 0.01
expand: inv2 (12, 0) FAR  w(0) 352. UNDEF 0.02
expand: inv2 (12, 0) FAR  w(1) 352. F 0.03
expand: query!0 (13, 0) FAR  w(0) 1.
	create_child: inv2 (12, 13) FAR 613 U 0.00
expand: inv2 (12, 0) FAR  w(0) 613. F 0.00
expand: query!0 (13, 0) FAR  w(0) 1. F 0.00
(spacer::context::check_reachability :time 0.37 :before-memory 36.16 :after-memory 36.80)
Propagating: 0 1 2 3 4 5 6 7 8 9 10 11 12 13  ! 14 
(spacer::context::propagate :time 0.22 :before-memory 36.80 :after-memory 37.07)
Entering level 14
expand: query!0 (14, 0) FAR  w(0) 1.
	create_child: inv2 (13, 14) FAR 613 U 0.00
expand: inv2 (13, 0) FAR  w(0) 613.
	create_child: inv2 (12, 14) FAR 1 UNDEF 0.01
expand: inv2 (12, 0) FAR  w(0) 1. T 0.01
is-reachable: inv2 (13, 0) FAR 613 F 0.01
expand: inv2 (13, 0) FAR  w(1) 613.
	create_child: inv2 (12, 14) FAR 1156 U 0.28
expand: inv2 (12, 0) FAR  w(0) 1156.
	create_child: inv2 (11, 14) FAR 4638 U 0.01
expand: inv2 (11, 0) FAR  w(0) 4638.
	create_child: inv2 (10, 14) FAR 11056 UNDEF 0.01
expand: inv2 (10, 0) FAR  w(0) 11056.
	create_child: inv2 (9, 14) FAR 12662 U 0.01
expand: inv2 (9, 0) FAR  w(0) 12662.
	create_child: inv2 (8, 14) FAR 12655 U 0.01
expand: inv2 (8, 0) FAR  w(0) 12655.
	create_child: inv2 (7, 14) FAR 12685 U 0.01
expand: inv2 (7, 0) FAR  w(0) 12685.
	create_child: inv2 (6, 14) FAR 12842 U 0.01
expand: inv2 (6, 0) FAR  w(0) 12842.
	create_child: inv2 (5, 14) FAR 36142 U 0.01
expand: inv2 (5, 0) FAR  w(0) 36142.
	create_child: inv2 (4, 14) FAR 36144 U 0.01
expand: inv2 (4, 0) FAR  w(0) 36144.
	create_child: inv2 (3, 14) FAR 36172 U 0.01
expand: inv2 (3, 0) FAR  w(0) 36172.
	create_child: inv2 (2, 14) FAR 36151 U 0.01
expand: inv2 (2, 0) FAR  w(0) 36151.
	create_child: inv2 (1, 14) FAR 36227 U 0.01
expand: inv2 (1, 0) FAR  w(0) 36227. UNDEF 0.01
expand: inv2 (1, 0) FAR  w(1) 36227.
	create_child: inv2 (0, 14) FAR 36772 U 0.07
expand: inv2 (0, 0) FAR  w(0) 36772. F 0.01
expand: inv2 (1, 0) FAR  w(1) 36227. F 0.01
expand: inv2 (2, 0) FAR  w(0) 36151. F 0.01
expand: inv2 (3, 0) FAR  w(0) 36172


FAILED TO FIND COEFFICIENT


. F 0.00
expand: inv2 (4, 0) FAR  w(0) 36144. F 0.01
expand: inv2 (5, 0) FAR  w(0) 36142. F 0.01
expand: inv2 (6, 0) FAR  w(0) 12842. F 0.01
expand: inv2 (7, 0) FAR  w(0) 12685


FAILED TO FIND COEFFICIENT





FAILED TO FIND COEFFICIENT





FAILED TO FIND COEFFICIENT


. F 0.01
expand: inv2 (8, 0) FAR  w(0) 12655


FAILED TO FIND COEFFICIENT





FAILED TO FIND COEFFICIENT





FAILED TO FIND COEFFICIENT


. F 0.01
expand: inv2 (9, 0) FAR  w(0) 12662


FAILED TO FIND COEFFICIENT





FAILED TO FIND COEFFICIENT





FAILED TO FIND COEFFICIENT


. F 0.01
expand: inv2 (10, 0) FAR  w(0) 11056


FAILED TO FIND COEFFICIENT


. F 0.01
expand: inv2 (11, 0) FAR  w(0) 4638


FAILED TO FIND COEFFICIENT


. F 0.01
expand: inv2 (12, 0) FAR  w(0) 1156


FAILED TO FIND COEFFICIENT


. F 0.02
expand: inv2 (13, 0) FAR  w(1) 613. F 0.00
expand: query!0 (14, 0) FAR  w(0) 1.
	create_child: inv2 (13, 14) FAR 352 U 0.00
expand: inv2 (13, 0) FAR  w(0) 352.
	create_child: inv2 (12, 14) FAR 1352 UNDEF 0.01
expand: inv2 (12, 0) FAR  w(0) 1352. UNDEF 0.01
expand: inv2 (12, 0) FAR  w(1) 1352.
	create_child: inv2 (11, 14) FAR 3620 U 0.04
expand: inv2 (11, 0) FAR  w(0) 3620


FAILED TO FIND COEFFICIENT


. F 0.01
expand: inv2 (12, 0) FAR  w(1) 1352


FAILED TO FIND COEFFICIENT


. F 0.01
expand: inv2 (13, 0) FAR  w(0) 352.
	create_child: inv2 (12, 14) FAR 1840 UNDEF 0.01
expand: inv2 (12, 0) FAR  w(0) 1840. T 0.01
is-reachable: inv2 (13, 0) FAR 352 F 0.01
expand: inv2 (13, 0) FAR  w(1) 352. F 0.02
expand: query!0 (14, 0) FAR  w(0) 1. F 0.00
(spacer::context::check_reachability :time 0.69 :before-memory 37.07 :after-memory 38.02)
Propagating: 0 1 2 3 4 5 6 7 8 9 10 11 12 13 14  ! 15 
(spacer::context::propagate :time 0.96 :before-memory 38.02 :after-memory 39.00)
Entering level 15
expand: query!0 (15, 0) FAR  w(0) 1.
	create_child: inv2 (14, 15) FAR 352 U 0.00
expand: inv2 (14, 0) FAR  w(0) 352.
	create_child: inv2 (13, 15) FAR 1352 UNDEF 0.01
expand: inv2 (13, 0) FAR  w(0) 1352. UNDEF 0.01
expand: inv2 (13, 0) FAR  w(1) 1352.
	create_child: inv2 (12, 15) FAR 3620 U 0.06
expand: inv2 (12, 0) FAR  w(0) 3620.
	create_child: inv2 (11, 15) FAR 5500 U 0.01
expand: inv2 (11, 0) FAR  w(0) 5500.
	create_child: inv2 (10, 15) FAR 5616 U 0.01
expand: inv2 (10, 0) FAR  w(0) 5616.
	create_child: inv2 (9, 15) FAR 9773 U 0.01
expand: inv2 (9, 0) FAR  w(0) 9773.
	create_child: inv2 (8, 15) FAR 34998 UNDEF 0.01
expand: inv2 (8, 0) FAR  w(0) 34998. T 0.01
is-reachable: inv2 (9, 0) FAR 9773 F 0.01
expand: inv2 (9, 0) FAR  w(1) 9773.
	create_child: inv2 (8, 15) FAR 9903 U 0.04
expand: inv2 (8, 0) FAR  w(0) 9903. UNDEF 0.01
expand: inv2 (8, 0) FAR  w(1) 9903.
	create_child: inv2 (7, 15) FAR 15349 U 0.23
expand: inv2 (7, 0) FAR  w(0) 15349.
	create_child: inv2 (6, 15) FAR 42600 UNDEF 0.02
expand: inv2 (6, 0) FAR  w(0) 42600. T 0.01
is-reachable: inv2 (7, 0) FAR 15349 F 0.01
expand: inv2 (7, 0) FAR  w(1) 15349.
	create_child: inv2 (6, 15) FAR 15392 U 0.05
expand: inv2 (6, 0) FAR  w(0) 15392.
	create_child: inv2 (5, 15) FAR 21877 U 0.01
expand: inv2 (5, 0) FAR  w(0) 21877.
	create_child: inv2 (4, 15) FAR 22134 U 0.01
expand: inv2 (4, 0) FAR  w(0) 22134.
	create_child: inv2 (3, 15) FAR 25879 U 0.01
expand: inv2 (3, 0) FAR  w(0) 25879.
	create_child: inv2 (2, 15) FAR 14381 U 0.01
expand: inv2 (2, 0) FAR  w(0) 14381.
	create_child: inv2 (1, 15) FAR 42860 U 0.01
expand: inv2 (1, 0) FAR  w(0) 42860.
	create_child: inv2 (0, 15) FAR 42886 UNDEF 0.01
expand: inv2 (0, 0) FAR  w(0) 42886. T 0.01
is-reachable: inv2 (1, 0) FAR 42860 F 0.02
expand: inv2 (1, 0) FAR  w(1) 42860.
	create_child: inv2 (0, 15) FAR 43299 U 0.03
expand: inv2 (0, 0) FAR  w(0) 43299. F 0.01
expand: inv2 (1, 0) FAR  w(1) 42860


FAILED TO FIND COEFFICIENT


. F 0.01
expand: inv2 (2, 0) FAR  w(0) 14381. F 0.01
expand: inv2 (3, 0) FAR  w(0) 25879


FAILED TO FIND COEFFICIENT





FAILED TO FIND COEFFICIENT





FAILED TO FIND COEFFICIENT





FAILED TO FIND COEFFICIENT


. F 0.01
expand: inv2 (4, 0) FAR  w(0) 22134


FAILED TO FIND COEFFICIENT





FAILED TO FIND COEFFICIENT





FAILED TO FIND COEFFICIENT





FAILED TO FIND COEFFICIENT


. F 0.01
expand: inv2 (5, 0) FAR  w(0) 21877


FAILED TO FIND COEFFICIENT





FAILED TO FIND COEFFICIENT





FAILED TO FIND COEFFICIENT


. F 0.01
expand: inv2 (6, 0) FAR  w(0) 15392


FAILED TO FIND COEFFICIENT





FAILED TO FIND COEFFICIENT





FAILED TO FIND COEFFICIENT


. F 0.01
expand: inv2 (7, 0) FAR  w(1) 15349


FAILED TO FIND COEFFICIENT





FAILED TO FIND COEFFICIENT





FAILED TO FIND COEFFICIENT





FAILED TO FIND COEFFICIENT


. F 0.01
expand: inv2 (8, 0) FAR  w(1) 9903


FAILED TO FIND COEFFICIENT





FAILED TO FIND COEFFICIENT





FAILED TO FIND COEFFICIENT


. F 0.01
expand: inv2 (9, 0) FAR  w(1) 9773


FAILED TO FIND COEFFICIENT





FAILED TO FIND COEFFICIENT





FAILED TO FIND COEFFICIENT


. F 0.01
expand: inv2 (10, 0) FAR  w(0) 5616


FAILED TO FIND COEFFICIENT





FAILED TO FIND COEFFICIENT





FAILED TO FIND COEFFICIENT


. F 0.01
expand: inv2 (11, 0) FAR  w(0) 5500


FAILED TO FIND COEFFICIENT


. F 0.01
expand: inv2 (12, 0) FAR  w(0) 3620


FAILED TO FIND COEFFICIENT


. F 0.01
expand: inv2 (13, 0) FAR  w(1) 1352


FAILED TO FIND COEFFICIENT


. F 0.01
expand: inv2 (14, 0) FAR  w(0) 352.
	create_child: inv2 (13, 15) FAR 1840 UNDEF 0.02
expand: inv2 (13, 0) FAR  w(0) 1840. T 0.01
is-reachable: inv2 (14, 0) FAR 352 F 0.01
expand: inv2 (14, 0) FAR  w(1) 352. F 0.04
expand: query!0 (15, 0) FAR  w(0) 1.
	create_child: inv2 (14, 15) FAR 613 U 0.00
expand: inv2 (14, 0) FAR  w(0) 613. F 0.00
expand: query!0 (15, 0) FAR  w(0) 1. F 0.00
(spacer::context::check_reachability :time 0.84 :before-memory 39.00 :after-memory 40.06)
Propagating: 0 1 2 3 4 5 6 7 8 9 10 11 12 13 14 15  ! 16 
(spacer::context::propagate :time 6.42 :before-memory 40.06 :after-memory 43.68)
Entering level 16
expand: query!0 (16, 0) FAR  w(0) 1.
	create_child: inv2 (15, 16) FAR 613 U 0.00
expand: inv2 (15, 0) FAR  w(0) 613.
	create_child: inv2 (14, 16) FAR 1 UNDEF 0.01
expand: inv2 (14, 0) FAR  w(0) 1. T 0.01
is-reachable: inv2 (15, 0) FAR 613 F 0.01
expand: inv2 (15, 0) FAR  w(1) 613.
	create_child: inv2 (14, 16) FAR 1156 U 0.88
expand: inv2 (14, 0) FAR  w(0) 1156.
	create_child: inv2 (13, 16) FAR 4638 U 0.01
expand: inv2 (13, 0) FAR  w(0) 4638.
	create_child: inv2 (12, 16) FAR 4811 U 0.01
expand: inv2 (12, 0) FAR  w(0) 4811.
	create_child: inv2 (11, 16) FAR 6554 U 0.01
expand: inv2 (11, 0) FAR  w(0) 6554.
	create_child: inv2 (10, 16) FAR 6727 U 0.01
expand: inv2 (10, 0) FAR  w(0) 6727.
	create_child: inv2 (9, 16) FAR 17743 U 0.01
expand: inv2 (9, 0) FAR  w(0) 17743.
	create_child: inv2 (8, 16) FAR 18070 U 0.01
expand: inv2 (8, 0) FAR  w(0) 18070.
	create_child: inv2 (7, 16) FAR 17943 U 0.01
expand: inv2 (7, 0) FAR  w(0) 17943.
	create_child: inv2 (6, 16) FAR 18273 U 0.01
expand: inv2 (6, 0) FAR  w(0) 18273.
	create_child: inv2 (5, 16) FAR 15593 U 0.01
expand: inv2 (5, 0) FAR  w(0) 15593.
	create_child: inv2 (4, 16) FAR 52897 U 0.01
expand: inv2 (4, 0) FAR  w(0) 52897.
	create_child: inv2 (3, 16) FAR 54466 U 0.01
expand: inv2 (3, 0) FAR  w(0) 54466.
	create_child: inv2 (2, 16) FAR 55472 U 0.01
expand: inv2 (2, 0) FAR  w(0) 55472.
	create_child: inv2 (1, 16) FAR 55156 U 0.01
expand: inv2 (1, 0) FAR  w(0) 55156.
	create_child: inv2 (0, 16) FAR 55632 UNDEF 0.02
expand: inv2 (0, 0) FAR  w(0) 55632. T 0.01
is-reachable: inv2 (1, 0) FAR 55156 F 0.02
expand: inv2 (1, 0) FAR  w(1) 55156.
	create_child: inv2 (0, 16) FAR 55691 U 0.11
expand: inv2 (0, 0) FAR  w(0) 55691. F 0.01
expand: inv2 (1, 0) FAR  w(1) 55156. F 0.01
expand: inv2 (2, 0) FAR  w(0) 55472


FAILED TO FIND COEFFICIENT


. F 0.01
expand: inv2 (3, 0) FAR  w(0) 54466. F 0.01
expand: inv2 (4, 0) FAR  w(0) 52897. F 0.01
expand: inv2 (5, 0) FAR  w(0) 15593


FAILED TO FIND COEFFICIENT


. F 0.01
expand: inv2 (6, 0) FAR  w(0) 18273. F 0.01
expand: inv2 (7, 0) FAR  w(0) 17943. UNDEF 0.02
expand: inv2 (7, 0) FAR  w(1) 17943


FAILED TO FIND COEFFICIENT





FAILED TO FIND COEFFICIENT





FAILED TO FIND COEFFICIENT





FAILED TO FIND COEFFICIENT





FAILED TO FIND COEFFICIENT


. F 0.56
expand: inv2 (8, 0) FAR  w(0) 18070


FAILED TO FIND COEFFICIENT





FAILED TO FIND COEFFICIENT





FAILED TO FIND COEFFICIENT





FAILED TO FIND COEFFICIENT


. F 0.02
expand: inv2 (9, 0) FAR  w(0) 17743


FAILED TO FIND COEFFICIENT





FAILED TO FIND COEFFICIENT





FAILED TO FIND COEFFICIENT





FAILED TO FIND COEFFICIENT


. F 0.03
expand: inv2 (10, 0) FAR  w(0) 6727


FAILED TO FIND COEFFICIENT





FAILED TO FIND COEFFICIENT





FAILED TO FIND COEFFICIENT





FAILED TO FIND COEFFICIENT


. F 0.02
expand: inv2 (11, 0) FAR  w(0) 6554


FAILED TO FIND COEFFICIENT





FAILED TO FIND COEFFICIENT





FAILED TO FIND COEFFICIENT





FAILED TO FIND COEFFICIENT


. F 0.01
expand: inv2 (12, 0) FAR  w(0) 4811


FAILED TO FIND COEFFICIENT





FAILED TO FIND COEFFICIENT


. F 0.01
expand: inv2 (13, 0) FAR  w(0) 4638


FAILED TO FIND COEFFICIENT





FAILED TO FIND COEFFICIENT


. F 0.01
expand: inv2 (14, 0) FAR  w(0) 1156. UNDEF 0.02
expand: inv2 (14, 0) FAR  w(1) 1156


FAILED TO FIND COEFFICIENT


. F 2.10
expand: inv2 (15, 0) FAR  w(1) 613. F 0.01
expand: query!0 (16, 0) FAR  w(0) 1.
	create_child: inv2 (15, 16) FAR 352 U 0.00
expand: inv2 (15, 0) FAR  w(0) 352.
	create_child: inv2 (14, 16) FAR 1352 UNDEF 0.01
expand: inv2 (14, 0) FAR  w(0) 1352.
	create_child: inv2 (13, 16) FAR 3620 U 0.01
expand: inv2 (13, 0) FAR  w(0) 3620.
	create_child: inv2 (12, 16) FAR 5500 U 0.01
expand: inv2 (12, 0) FAR  w(0) 5500.
	create_child: inv2 (11, 16) FAR 5616 U 0.01
expand: inv2 (11, 0) FAR  w(0) 5616.
	create_child: inv2 (10, 16) FAR 9773 U 0.01
expand: inv2 (10, 0) FAR  w(0) 9773.
	create_child: inv2 (9, 16) FAR 9903 U 0.01
expand: inv2 (9, 0) FAR  w(0) 9903.
	create_child: inv2 (8, 16) FAR 15349 U 0.01
expand: inv2 (8, 0) FAR  w(0) 15349.
	create_child: inv2 (7, 16) FAR 15392 U 0.01
expand: inv2 (7, 0) FAR  w(0) 15392.
	create_child: inv2 (6, 16) FAR 21877 U 0.01
expand: inv2 (6, 0) FAR  w(0) 21877. F 0.01
expand: inv2 (7, 0) FAR  w(0) 15392


FAILED TO FIND COEFFICIENT





FAILED TO FIND COEFFICIENT





FAILED TO FIND COEFFICIENT





FAILED TO FIND COEFFICIENT





FAILED TO FIND COEFFICIENT


. F 0.02
expand: inv2 (8, 0) FAR  w(0) 15349


FAILED TO FIND COEFFICIENT





FAILED TO FIND COEFFICIENT





FAILED TO FIND COEFFICIENT





FAILED TO FIND COEFFICIENT





FAILED TO FIND COEFFICIENT


. F 0.02
expand: inv2 (9, 0) FAR  w(0) 9903


FAILED TO FIND COEFFICIENT





FAILED TO FIND COEFFICIENT





FAILED TO FIND COEFFICIENT





FAILED TO FIND COEFFICIENT


. F 0.02
expand: inv2 (10, 0) FAR  w(0) 9773


FAILED TO FIND COEFFICIENT





FAILED TO FIND COEFFICIENT





FAILED TO FIND COEFFICIENT





FAILED TO FIND COEFFICIENT


. F 0.01
expand: inv2 (11, 0) FAR  w(0) 5616


FAILED TO FIND COEFFICIENT





FAILED TO FIND COEFFICIENT





FAILED TO FIND COEFFICIENT


. F 0.01
expand: inv2 (12, 0) FAR  w(0) 5500


FAILED TO FIND COEFFICIENT


. F 0.01
expand: inv2 (13, 0) FAR  w(0) 3620


FAILED TO FIND COEFFICIENT


. F 0.01
expand: inv2 (14, 0) FAR  w(0) 1352


FAILED TO FIND COEFFICIENT


. F 0.01
expand: inv2 (15, 0) FAR  w(0) 352.
	create_child: inv2 (14, 16) FAR 1840 UNDEF 0.02
expand: inv2 (14, 0) FAR  w(0) 1840. T 0.01
is-reachable: inv2 (15, 0) FAR 352 F 0.01
expand: inv2 (15, 0) FAR  w(1) 352. F 0.07
expand: query!0 (16, 0) FAR  w(0) 1. F 0.00
(spacer::context::check_reachability :time 4.44 :before-memory 43.68 :after-memory 55.11)
Propagating: 0 1 2 3 4 5 6 7 8 9 10 11 12 13 14 15 16  ! 17 
(spacer::context::propagate :time 17.15 :before-memory 55.11 :after-memory 60.85)
Entering level 17
expand: query!0 (17, 0) FAR  w(0) 1.
	create_child: inv2 (16, 17) FAR 352 U 0.00
expand: inv2 (16, 0) FAR  w(0) 352.
	create_child: inv2 (15, 17) FAR 1352 UNDEF 0.04
expand: inv2 (15, 0) FAR  w(0) 1352.
	create_child: inv2 (14, 17) FAR 3620 U 0.02
expand: inv2 (14, 0) FAR  w(0) 3620.
	create_child: inv2 (13, 17) FAR 5500 U 0.01
expand: inv2 (13, 0) FAR  w(0) 5500.
	create_child: inv2 (12, 17) FAR 5616 U 0.02
expand: inv2 (12, 0) FAR  w(0) 5616.
	create_child: inv2 (11, 17) FAR 9773 U 0.01
expand: inv2 (11, 0) FAR  w(0) 9773.
	create_child: inv2 (10, 17) FAR 9903 U 0.01
expand: inv2 (10, 0) FAR  w(0) 9903.
	create_child: inv2 (9, 17) FAR 15349 U 0.01
expand: inv2 (9, 0) FAR  w(0) 15349.
	create_child: inv2 (8, 17) FAR 15392 U 0.01
expand: inv2 (8, 0) FAR  w(0) 15392.
	create_child: inv2 (7, 17) FAR 21877 U 0.01
expand: inv2 (7, 0) FAR  w(0) 21877.
	create_child: inv2 (6, 17) FAR 22134 U 0.02
expand: inv2 (6, 0) FAR  w(0) 22134.
	create_child: inv2 (5, 17) FAR 25879 U 0.02
expand: inv2 (5, 0) FAR  w(0) 25879.
	create_child: inv2 (4, 17) FAR 14381 U 0.02
expand: inv2 (4, 0) FAR  w(0) 14381.
	create_child: inv2 (3, 17) FAR 42860 U 0.02
expand: inv2 (3, 0) FAR  w(0) 42860.
	create_child: inv2 (2, 17) FAR 43299 U 0.02
expand: inv2 (2, 0) FAR  w(0) 43299.
	create_child: inv2 (1, 17) FAR 74901 U 0.02
expand: inv2 (1, 0) FAR  w(0) 74901. UNDEF 0.04
expand: inv2 (1, 0) FAR  w(1) 74901.
	create_child: inv2 (0, 17) FAR 75578 U 1.06
expand: inv2 (0, 0) FAR  w(0) 75578. F 0.02
expand: inv2 (1, 0) FAR  w(1) 74901


FAILED TO FIND COEFFICIENT


. F 0.01
expand: inv2 (2, 0) FAR  w(0) 43299


FAILED TO FIND COEFFICIENT


. F 0.01
expand: inv2 (3, 0) FAR  w(0) 42860


FAILED TO FIND COEFFICIENT





FAILED TO FIND COEFFICIENT





FAILED TO FIND COEFFICIENT





FAILED TO FIND COEFFICIENT





FAILED TO FIND COEFFICIENT





FAILED TO FIND COEFFICIENT


. F 0.02
expand: inv2 (4, 0) FAR  w(0) 14381


FAILED TO FIND COEFFICIENT





FAILED TO FIND COEFFICIENT





FAILED TO FIND COEFFICIENT





FAILED TO FIND COEFFICIENT





FAILED TO FIND COEFFICIENT


. F 0.02
expand: inv2 (5, 0) FAR  w(0) 25879


FAILED TO FIND COEFFICIENT





FAILED TO FIND COEFFICIENT





FAILED TO FIND COEFFICIENT





FAILED TO FIND COEFFICIENT





FAILED TO FIND COEFFICIENT


. F 0.02
expand: inv2 (6, 0) FAR  w(0) 22134


FAILED TO FIND COEFFICIENT





FAILED TO FIND COEFFICIENT





FAILED TO FIND COEFFICIENT





FAILED TO FIND COEFFICIENT





FAILED TO FIND COEFFICIENT


. F 0.01
expand: inv2 (7, 0) FAR  w(0) 21877


FAILED TO FIND COEFFICIENT





FAILED TO FIND COEFFICIENT





FAILED TO FIND COEFFICIENT





FAILED TO FIND COEFFICIENT





FAILED TO FIND COEFFICIENT


. F 0.01
expand: inv2 (8, 0) FAR  w(0) 15392


FAILED TO FIND COEFFICIENT





FAILED TO FIND COEFFICIENT





FAILED TO FIND COEFFICIENT





FAILED TO FIND COEFFICIENT





FAILED TO FIND COEFFICIENT


. F 0.01
expand: inv2 (9, 0) FAR  w(0) 15349


FAILED TO FIND COEFFICIENT





FAILED TO FIND COEFFICIENT





FAILED TO FIND COEFFICIENT





FAILED TO FIND COEFFICIENT


. F 0.01
expand: inv2 (10, 0) FAR  w(0) 9903


FAILED TO FIND COEFFICIENT





FAILED TO FIND COEFFICIENT





FAILED TO FIND COEFFICIENT





FAILED TO FIND COEFFICIENT


. F 0.01
expand: inv2 (11, 0) FAR  w(0) 9773


FAILED TO FIND COEFFICIENT





FAILED TO FIND COEFFICIENT





FAILED TO FIND COEFFICIENT





FAILED TO FIND COEFFICIENT


. F 0.01
expand: inv2 (12, 0) FAR  w(0) 5616


FAILED TO FIND COEFFICIENT





FAILED TO FIND COEFFICIENT





FAILED TO FIND COEFFICIENT





FAILED TO FIND COEFFICIENT


. F 0.01
expand: inv2 (13, 0) FAR  w(0) 5500


FAILED TO FIND COEFFICIENT





FAILED TO FIND COEFFICIENT


. F 0.01
expand: inv2 (14, 0) FAR  w(0) 3620


FAILED TO FIND COEFFICIENT





FAILED TO FIND COEFFICIENT


. F 0.01
expand: inv2 (15, 0) FAR  w(0) 1352


FAILED TO FIND COEFFICIENT


. F 0.01
expand: inv2 (16, 0) FAR  w(0) 352.
	create_child: inv2 (15, 17) FAR 1840 UNDEF 0.02
expand: inv2 (15, 0) FAR  w(0) 1840. T 0.01
is-reachable: inv2 (16, 0) FAR 352 F 0.01
expand: inv2 (16, 0) FAR  w(1) 352. F 0.17
expand: query!0 (17, 0) FAR  w(0) 1.
	create_child: inv2 (16, 17) FAR 613 U 0.00
expand: inv2 (16, 0) FAR  w(0) 613. F 0.01
expand: query!0 (17, 0) FAR  w(0) 1. F 0.00
(spacer::context::check_reachability :time 1.83 :before-memory 60.85 :after-memory 61.92)
Propagating: 0 1 2 3 4 5 6 7 8 9 10 11 12 13 14 15 16 17  ! 18 
(spacer::context::propagate :time 50.26 :before-memory 61.92 :after-memory 72.62)
Entering level 18
expand: query!0 (18, 0) FAR  w(0) 1.
	create_child: inv2 (17, 18) FAR 613 U 0.00
expand: inv2 (17, 0) FAR  w(0) 613.
	create_child: inv2 (16, 18) FAR 1156 U 0.02
expand: inv2 (16, 0) FAR  w(0) 1156. UNDEF 0.03
expand: inv2 (16, 0) FAR  w(1) 1156.
	create_child: inv2 (15, 18) FAR 4638 U 60.96
expand: inv2 (15, 0) FAR  w(0) 4638.
	create_child: inv2 (14, 18) FAR 4811 U 0.05
expand: inv2 (14, 0) FAR  w(0) 4811.
	create_child: inv2 (13, 18) FAR 12662 UNDEF 0.02
expand: inv2 (13, 0) FAR  w(0) 12662.
	create_child: inv2 (12, 18) FAR 12655 U 0.02
expand: inv2 (12, 0) FAR  w(0) 12655. UNDEF 0.04
expand: inv2 (12, 0) FAR  w(1) 12655.
	create_child: inv2 (11, 18) FAR 12685 U 19.39
expand: inv2 (11, 0) FAR  w(0) 12685.
	create_child: inv2 (10, 18) FAR 12842 U 0.04
expand: inv2 (10, 0) FAR  w(0) 12842.
	create_child: inv2 (9, 18) FAR 36142 U 0.02
expand: inv2 (9, 0) FAR  w(0) 36142.
	create_child: inv2 (8, 18) FAR 36144 U 0.03
expand: inv2 (8, 0) FAR  w(0) 36144.
	create_child: inv2 (7, 18) FAR 36172 U 0.03
expand: inv2 (7, 0) FAR  w(0) 36172.
	create_child: inv2 (6, 18) FAR 36151 U 0.05
expand: inv2 (6, 0) FAR  w(0) 36151.
	create_child: inv2 (5, 18) FAR 36227 U 0.03
expand: inv2 (5, 0) FAR  w(0) 36227.
	create_child: inv2 (4, 18) FAR 36772 U 0.03
expand: inv2 (4, 0) FAR  w(0) 36772.
	create_child: inv2 (3, 18) FAR 120995 U 0.03
expand: inv2 (3, 0) FAR  w(0) 120995.
	create_child: inv2 (2, 18) FAR 122868 U 0.03
expand: inv2 (2, 0) FAR  w(0) 122868.
	create_child: inv2 (1, 18) FAR 120369 U 0.05
expand: inv2 (1, 0) FAR  w(0) 120369.
	create_child: inv2 (0, 18) FAR 92426 UNDEF 0.05
expand: inv2 (0, 0) FAR  w(0) 92426. T 0.04
is-reachable: inv2 (1, 0) FAR 120369 F 0.06
expand: inv2 (1, 0) FAR  w(1) 120369.
	create_child: inv2 (0, 18) FAR 125462 U 2.33
expand: inv2 (0, 0) FAR  w(0) 125462. F 0.02
expand: inv2 (1, 0) FAR  w(1) 120369


FAILED TO FIND COEFFICIENT


. F 0.01
expand: inv2 (2, 0) FAR  w(0) 122868


FAILED TO FIND COEFFICIENT


. F 0.01
expand: inv2 (3, 0) FAR  w(0) 120995


FAILED TO FIND COEFFICIENT


. F 0.01
expand: inv2 (4, 0) FAR  w(0) 36772


FAILED TO FIND COEFFICIENT


. F 0.01
expand: inv2 (5, 0) FAR  w(0) 36227. F 0.01
expand: inv2 (6, 0) FAR  w(0) 36151. F 0.01
expand: inv2 (7, 0) FAR  w(0) 36172


FAILED TO FIND COEFFICIENT


. F 0.01
expand: inv2 (8, 0) FAR  w(0) 36144. F 0.01
expand: inv2 (9, 0) FAR  w(0) 36142. F 0.01
expand: inv2 (10, 0) FAR  w(0) 12842. F 0.01
expand: inv2 (11, 0) FAR  w(0) 12685. F 0.01
expand: inv2 (12, 0) FAR  w(1) 12655. F 0.01
expand: inv2 (13, 0) FAR  w(0) 12662


FAILED TO FIND COEFFICIENT


. F 0.01
expand: inv2 (14, 0) FAR  w(0) 4811


FAILED TO FIND COEFFICIENT


. F 0.01
expand: inv2 (15, 0) FAR  w(0) 4638


FAILED TO FIND COEFFICIENT





FAILED TO FIND COEFFICIENT


. F 0.01
expand: inv2 (16, 0) FAR  w(1) 1156


FAILED TO FIND COEFFICIENT


.